Jan-05 15:41:14.057 [main] DEBUG nextflow.cli.Launcher - $> nextflow run nf-core/bacass -r 2.1.0 -params-file nf-params.json
Jan-05 15:41:14.194 [main] INFO  nextflow.cli.CmdRun - N E X T F L O W  ~  version 23.10.0
Jan-05 15:41:14.252 [main] DEBUG nextflow.plugin.PluginsFacade - Setting up plugin manager > mode=prod; embedded=false; plugins-dir=/Users/cychang/.nextflow/plugins; core-plugins: nf-amazon@2.1.4,nf-azure@1.3.2,nf-cloudcache@0.3.0,nf-codecommit@0.1.5,nf-console@1.0.6,nf-ga4gh@1.1.0,nf-google@1.8.3,nf-tower@1.6.3,nf-wave@1.0.0
Jan-05 15:41:14.277 [main] INFO  o.pf4j.DefaultPluginStatusProvider - Enabled plugins: []
Jan-05 15:41:14.278 [main] INFO  o.pf4j.DefaultPluginStatusProvider - Disabled plugins: []
Jan-05 15:41:14.281 [main] INFO  org.pf4j.DefaultPluginManager - PF4J version 3.4.1 in 'deployment' mode
Jan-05 15:41:14.307 [main] INFO  org.pf4j.AbstractPluginManager - No plugins
Jan-05 15:41:14.335 [main] DEBUG nextflow.scm.ProviderConfig - Using SCM config path: /Users/cychang/.nextflow/scm
Jan-05 15:41:16.483 [main] DEBUG nextflow.scm.AssetManager - Git config: /Users/cychang/.nextflow/assets/nf-core/bacass/.git/config; branch: master; remote: origin; url: https://github.com/nf-core/bacass.git
Jan-05 15:41:16.529 [main] DEBUG nextflow.scm.RepositoryFactory - Found Git repository result: [RepositoryFactory]
Jan-05 15:41:16.549 [main] DEBUG nextflow.scm.AssetManager - Git config: /Users/cychang/.nextflow/assets/nf-core/bacass/.git/config; branch: master; remote: origin; url: https://github.com/nf-core/bacass.git
Jan-05 15:41:17.540 [main] DEBUG nextflow.config.ConfigBuilder - Found config base: /Users/cychang/.nextflow/assets/nf-core/bacass/nextflow.config
Jan-05 15:41:17.543 [main] DEBUG nextflow.config.ConfigBuilder - Parsing config file: /Users/cychang/.nextflow/assets/nf-core/bacass/nextflow.config
Jan-05 15:41:17.586 [main] DEBUG nextflow.config.ConfigBuilder - Applying config profile: `standard`
Jan-05 15:41:19.474 [main] DEBUG nextflow.cli.CmdRun - Applied DSL=2 from script declararion
Jan-05 15:41:19.476 [main] INFO  nextflow.cli.CmdRun - Launching `https://github.com/nf-core/bacass` [chaotic_franklin] DSL2 - revision: e94a173311 [2.1.0]
Jan-05 15:41:19.478 [main] DEBUG nextflow.plugin.PluginsFacade - Plugins declared=[nf-validation]
Jan-05 15:41:19.479 [main] DEBUG nextflow.plugin.PluginsFacade - Plugins default=[]
Jan-05 15:41:19.479 [main] DEBUG nextflow.plugin.PluginsFacade - Plugins resolved requirement=[nf-validation]
Jan-05 15:41:19.479 [main] DEBUG nextflow.plugin.PluginUpdater - Installing plugin nf-validation version: latest
Jan-05 15:41:19.624 [main] INFO  nextflow.plugin.PluginUpdater - Downloading plugin nf-validation@1.1.3
Jan-05 15:41:20.106 [main] INFO  org.pf4j.util.FileUtils - Expanded plugin zip 'nf-validation-1.1.3.zip' in 'nf-validation-1.1.3'
Jan-05 15:41:20.124 [main] INFO  org.pf4j.AbstractPluginManager - Plugin 'nf-validation@1.1.3' resolved
Jan-05 15:41:20.125 [main] INFO  org.pf4j.AbstractPluginManager - Start plugin 'nf-validation@1.1.3'
Jan-05 15:41:20.138 [main] DEBUG nextflow.plugin.BasePlugin - Plugin started nf-validation@1.1.3
Jan-05 15:41:20.369 [main] DEBUG n.secret.LocalSecretsProvider - Secrets store: /Users/cychang/.nextflow/secrets/store.json
Jan-05 15:41:20.434 [main] DEBUG nextflow.secret.SecretsLoader - Discovered secrets providers: [nextflow.secret.LocalSecretsProvider@6e321d9d] - activable => nextflow.secret.LocalSecretsProvider@6e321d9d
Jan-05 15:41:20.579 [main] DEBUG nextflow.Session - Session UUID: 4405e3af-0ee9-452e-a9f4-3fb9a8f94477
Jan-05 15:41:20.580 [main] DEBUG nextflow.Session - Run name: chaotic_franklin
Jan-05 15:41:20.583 [main] DEBUG nextflow.Session - Executor pool size: 8
Jan-05 15:41:20.598 [main] DEBUG nextflow.file.FilePorter - File porter settings maxRetries=3; maxTransfers=50; pollTimeout=null
Jan-05 15:41:20.671 [main] DEBUG nextflow.cli.CmdRun - 
  Version: 23.10.0 build 5889
  Created: 15-10-2023 15:07 UTC (11:07 EDT)
  System: Mac OS X 14.2
  Runtime: Groovy 3.0.19 on OpenJDK 64-Bit Server VM 21+35
  Encoding: UTF-8 (UTF-8)
  Process: 48940@dept-dynamic-host-222-117.bio.upenn.edu [128.91.222.117]
  CPUs: 8 - Mem: 16 GB (14.7 MB) - Swap: 3 GB (1.6 GB) - Virtual threads ON
Jan-05 15:41:20.709 [main] DEBUG nextflow.Session - Work-dir: /Users/cychang/Desktop/lab/local-adaptation/work [Mac OS X]
Jan-05 15:41:20.709 [main] DEBUG nextflow.Session - Script base path does not exist or is not a directory: /Users/cychang/.nextflow/assets/nf-core/bacass/bin
Jan-05 15:41:20.723 [main] DEBUG nextflow.executor.ExecutorFactory - Extension executors providers=[]
Jan-05 15:41:20.747 [main] DEBUG nextflow.Session - Observer factory: DefaultObserverFactory
Jan-05 15:41:20.846 [main] DEBUG nextflow.cache.CacheFactory - Using Nextflow cache factory: nextflow.cache.DefaultCacheFactory
Jan-05 15:41:20.861 [main] DEBUG nextflow.util.CustomPoolFactory - Creating virtual thread pool
Jan-05 15:41:20.952 [main] DEBUG nextflow.Session - Session start
Jan-05 15:41:20.970 [main] DEBUG nextflow.trace.TraceFileObserver - Workflow started -- trace file: /Users/cychang/Desktop/lab/local-adaptation/~/Dropbox/lab/local-adaptaion/data/genomics/pipeline_info/execution_trace_2024-01-05_15-41-18.txt
Jan-05 15:41:20.994 [main] DEBUG nextflow.Session - Using default localLib path: /Users/cychang/.nextflow/assets/nf-core/bacass/lib
Jan-05 15:41:21.005 [main] DEBUG nextflow.Session - Adding to the classpath library: /Users/cychang/.nextflow/assets/nf-core/bacass/lib
Jan-05 15:41:21.007 [main] DEBUG nextflow.Session - Adding to the classpath library: /Users/cychang/.nextflow/assets/nf-core/bacass/lib/nfcore_external_java_deps.jar
Jan-05 15:41:22.014 [main] DEBUG nextflow.script.ScriptRunner - > Launching execution
Jan-05 15:41:22.049 [main] DEBUG nextflow.script.IncludeDef - Loading included plugin extensions with names: [validateParameters:validateParameters, paramsHelp:paramsHelp]; plugin Id: nf-validation
Jan-05 15:41:22.077 [main] DEBUG nextflow.validation.SchemaValidator - Starting parameters validation
Jan-05 15:41:22.245 [main] DEBUG nextflow.validation.SchemaValidator - Starting validation: 'input': '/Users/cychang/Desktop/lab/local-adaptation/~/Dropbox/lab/local-adaptation/data/genomics' with '/Users/cychang/.nextflow/assets/nf-core/bacass/assets/schema_input.json'
Jan-05 15:41:22.252 [main] DEBUG nextflow.script.ScriptRunner - Parsed script files:
  Script_711f0b9cc74f2356: /Users/cychang/.nextflow/assets/nf-core/bacass/main.nf
Jan-05 15:41:22.253 [main] DEBUG nextflow.Session - Session aborted -- Cause: /Users/cychang/Desktop/lab/local-adaptation/~/Dropbox/lab/local-adaptation/data/genomics
Jan-05 15:41:22.269 [main] ERROR nextflow.cli.Launcher - /Users/cychang/Desktop/lab/local-adaptation/~/Dropbox/lab/local-adaptation/data/genomics
java.nio.file.NoSuchFileException: /Users/cychang/Desktop/lab/local-adaptation/~/Dropbox/lab/local-adaptation/data/genomics
	at java.base/sun.nio.fs.UnixException.translateToIOException(UnixException.java:92)
	at java.base/sun.nio.fs.UnixException.rethrowAsIOException(UnixException.java:106)
	at java.base/sun.nio.fs.UnixException.rethrowAsIOException(UnixException.java:111)
	at java.base/sun.nio.fs.UnixFileSystemProvider.newByteChannel(UnixFileSystemProvider.java:261)
	at java.base/java.nio.file.Files.newByteChannel(Files.java:379)
	at java.base/java.nio.file.Files.newByteChannel(Files.java:431)
	at java.base/java.nio.file.spi.FileSystemProvider.newInputStream(FileSystemProvider.java:420)
	at java.base/java.nio.file.Files.newInputStream(Files.java:159)
	at java.base/java.nio.file.Files.newBufferedReader(Files.java:2897)
	at org.apache.groovy.nio.extensions.NioExtensions.newReader(NioExtensions.java:1404)
	at org.apache.groovy.nio.extensions.NioExtensions.withReader(NioExtensions.java:1434)
	at nextflow.validation.SamplesheetConverter.getHeader(SamplesheetConverter.groovy:243)
	at nextflow.validation.SamplesheetConverter.getFileType(SamplesheetConverter.groovy:222)
	at nextflow.validation.SchemaValidator.validateParameters(SchemaValidator.groovy:422)
	at nextflow.validation.SchemaValidator.validateParameters(SchemaValidator.groovy)
	at java.base/jdk.internal.reflect.DirectMethodHandleAccessor.invoke(DirectMethodHandleAccessor.java:103)
	at java.base/java.lang.reflect.Method.invoke(Method.java:580)
	at nextflow.script.FunctionDef.invoke_a(FunctionDef.groovy:64)
	at nextflow.script.ComponentDef.invoke_o(ComponentDef.groovy:40)
	at nextflow.script.WorkflowBinding.invokeMethod(WorkflowBinding.groovy:102)
	at groovy.lang.GroovyObject$invokeMethod.call(Unknown Source)
	at org.codehaus.groovy.runtime.callsite.CallSiteArray.defaultCall(CallSiteArray.java:47)
	at org.codehaus.groovy.runtime.callsite.AbstractCallSite.call(AbstractCallSite.java:125)
	at org.codehaus.groovy.runtime.callsite.AbstractCallSite.call(AbstractCallSite.java:148)
	at nextflow.script.BaseScript.invokeMethod(BaseScript.groovy:140)
	at org.codehaus.groovy.runtime.callsite.PogoMetaClassSite.callCurrent(PogoMetaClassSite.java:68)
	at org.codehaus.groovy.runtime.callsite.CallSiteArray.defaultCallCurrent(CallSiteArray.java:51)
	at org.codehaus.groovy.runtime.callsite.AbstractCallSite.callCurrent(AbstractCallSite.java:171)
	at org.codehaus.groovy.runtime.callsite.AbstractCallSite.callCurrent(AbstractCallSite.java:176)
	at Script_711f0b9cc74f2356.runScript(Script_711f0b9cc74f2356:33)
	at nextflow.script.BaseScript.run0(BaseScript.groovy:144)
	at nextflow.script.BaseScript.run(BaseScript.groovy:192)
	at nextflow.script.ScriptParser.runScript(ScriptParser.groovy:236)
	at nextflow.script.ScriptRunner.run(ScriptRunner.groovy:242)
	at nextflow.script.ScriptRunner.execute(ScriptRunner.groovy:137)
	at nextflow.cli.CmdRun.run(CmdRun.groovy:372)
	at nextflow.cli.Launcher.run(Launcher.groovy:499)
	at nextflow.cli.Launcher.main(Launcher.groovy:670)
